<?xml version="1.0" encoding="UTF-8"?>
<!-- Generated by org.testng.reporters.JUnitXMLReporter -->
<testsuite hostname="Bobs-MBP.fios-router.home" ignored="3" name="Default test" tests="1" failures="0" timestamp="2020-03-18T11:42:59 EDT" time="8.872" errors="0">
  <testcase name="loginTest1" time="0.849" classname="com.hubspot.tests.LoginPageTest"/>
  <testcase name="getTitle" time="0.0" classname="com.hubspot.tests.LoginPageTest">
    <ignored/>
  </testcase> <!-- getTitle -->
  <testcase name="loginTest2" time="0.0" classname="com.hubspot.tests.LoginPageTest">
    <ignored/>
  </testcase> <!-- loginTest2 -->
  <testcase name="loginTest3" time="0.0" classname="com.hubspot.tests.LoginPageTest">
    <ignored/>
  </testcase> <!-- loginTest3 -->
</testsuite> <!-- Default test -->
