<?xml version="1.0" encoding="UTF-8"?>
<!-- Generated by org.testng.reporters.JUnitXMLReporter -->
<testsuite hostname="Bobs-MBP.fios-router.home" ignored="0" name="Default test" tests="4" failures="0" timestamp="04 Mar 2020 02:18:02 GMT" time="27.917" errors="0">
  <testcase name="getTitle" time="0.014" classname="com.hubspot.tests.LoginPageTest"/>
  <testcase name="loginTest1" time="0.539" classname="com.hubspot.tests.LoginPageTest"/>
  <testcase name="loginTest2" time="0.418" classname="com.hubspot.tests.LoginPageTest"/>
  <testcase name="loginTest3" time="0.559" classname="com.hubspot.tests.LoginPageTest"/>
</testsuite> <!-- Default test -->
