<?xml version="1.0" encoding="UTF-8"?>
<!-- Generated by org.testng.reporters.JUnitXMLReporter -->
<testsuite hostname="Bobs-MBP.fios-router.home" ignored="0" name="Login Test" tests="7" failures="0" timestamp="07 Mar 2020 01:41:18 GMT" time="70.846" errors="0">
  <testcase name="getTitle" time="0.02" classname="com.hubspot.tests.LoginPageTest"/>
  <testcase name="verifyHomePageTitle" time="0.009" classname="com.hubspot.tests.HomePageTest"/>
  <testcase name="loginTest1" time="0.497" classname="com.hubspot.tests.LoginPageTest"/>
  <testcase name="verifyHomePageHeader" time="0.028" classname="com.hubspot.tests.HomePageTest"/>
  <testcase name="loginTest2" time="0.589" classname="com.hubspot.tests.LoginPageTest"/>
  <testcase name="verifyAccounName" time="0.028" classname="com.hubspot.tests.HomePageTest"/>
  <testcase name="loginTest3" time="0.489" classname="com.hubspot.tests.LoginPageTest"/>
</testsuite> <!-- Login Test -->
