<?xml version="1.0" encoding="UTF-8"?>
<testng-results skipped="0" failed="0" ignored="0" total="1" passed="1">
  <reporter-output>
  </reporter-output>
  <suite name="Default suite" duration-ms="8601" started-at="2020-03-14T01:20:59Z" finished-at="2020-03-14T01:21:08Z">
    <groups>
    </groups>
    <test name="Default test" duration-ms="8601" started-at="2020-03-14T01:20:59Z" finished-at="2020-03-14T01:21:08Z">
      <class name="com.hubspot.tests.LoginPFTest">
        <test-method status="PASS" signature="setUp()[pri:0, instance:com.hubspot.tests.LoginPFTest@186978a6]" name="setUp" is-config="true" duration-ms="7746" started-at="2020-03-13T21:21:00Z" finished-at="2020-03-13T21:21:07Z">
          <reporter-output>
          </reporter-output>
        </test-method> <!-- setUp -->
        <test-method status="PASS" signature="loginTest()[pri:0, instance:com.hubspot.tests.LoginPFTest@186978a6]" name="loginTest" duration-ms="600" started-at="2020-03-13T21:21:07Z" finished-at="2020-03-13T21:21:08Z">
          <reporter-output>
          </reporter-output>
        </test-method> <!-- loginTest -->
        <test-method status="PASS" signature="tearDown()[pri:0, instance:com.hubspot.tests.LoginPFTest@186978a6]" name="tearDown" is-config="true" duration-ms="86" started-at="2020-03-13T21:21:08Z" finished-at="2020-03-13T21:21:08Z">
          <reporter-output>
          </reporter-output>
        </test-method> <!-- tearDown -->
      </class> <!-- com.hubspot.tests.LoginPFTest -->
    </test> <!-- Default test -->
  </suite> <!-- Default suite -->
</testng-results>
